生成启动时间为 2017/2/23 15:41:21。
     1>项目“C:\Users\94759\Desktop\Document\C++\五子棋\五子棋\五子棋.vcxproj”在节点 2 上(build 个目标)。
     1>InitializeBuildStatus:
         正在对“Debug\五子棋.unsuccessfulbuild”执行 Touch 任务。
       ClCompile:
         E:\Program Files (x86)\Microsoft Visual Studio 10.0\VC\bin\CL.exe /c /ZI /nologo /W3 /WX- /Od /Oy- /D WIN32 /D _DEBUG /D _WINDOWS /D _MBCS /Gm /EHsc /RTC1 /MDd /GS /fp:precise /Zc:wchar_t /Zc:forScope /Fo"Debug\\" /Fd"Debug\vc100.pdb" /Gd /TP /analyze- /errorReport:prompt cpu.cpp
         cpu.cpp
     1>c:\users\94759\desktop\document\c++\五子棋\五子棋\cpu.cpp(23): warning C4244: “参数”: 从“time_t”转换到“unsigned int”，可能丢失数据
       ResourceCompile:
         所有输出均为最新。
       ManifestResourceCompile:
         所有输出均为最新。
       Link:
         E:\Program Files (x86)\Microsoft Visual Studio 10.0\VC\bin\link.exe /ERRORREPORT:PROMPT /OUT:"C:\Users\94759\Desktop\Document\C++\五子棋\Debug\五子棋.exe" /INCREMENTAL /NOLOGO kernel32.lib user32.lib gdi32.lib winspool.lib comdlg32.lib advapi32.lib shell32.lib ole32.lib oleaut32.lib uuid.lib odbc32.lib odbccp32.lib /MANIFEST /ManifestFile:"Debug\五子棋.exe.intermediate.manifest" /MANIFESTUAC:"level='asInvoker' uiAccess='false'" /DEBUG /PDB:"C:\Users\94759\Desktop\Document\C++\五子棋\Debug\五子棋.pdb" /SUBSYSTEM:WINDOWS /TLBID:1 /DYNAMICBASE /NXCOMPAT /IMPLIB:"C:\Users\94759\Desktop\Document\C++\五子棋\Debug\五子棋.lib" /MACHINE:X86 "Debug\五子棋.res"
         "Debug\五子棋.exe.embed.manifest.res"
         Debug\cpu.obj
         Debug\main.obj
         Debug\player.obj
       Manifest:
         C:\Program Files (x86)\Microsoft SDKs\Windows\v7.0A\bin\mt.exe /nologo /verbose /out:"Debug\五子棋.exe.embed.manifest" /manifest "Debug\五子棋.exe.intermediate.manifest"
         所有输出均为最新。
       LinkEmbedManifest:
         所有输出均为最新。
         五子棋.vcxproj -> C:\Users\94759\Desktop\Document\C++\五子棋\Debug\五子棋.exe
       FinalizeBuildStatus:
         正在删除文件“Debug\五子棋.unsuccessfulbuild”。
         正在对“Debug\五子棋.lastbuildstate”执行 Touch 任务。
     1>已完成生成项目“C:\Users\94759\Desktop\Document\C++\五子棋\五子棋\五子棋.vcxproj”(build 个目标)的操作。

生成成功。

已用时间 00:00:01.31
