C:\USERS\94759\DESKTOP\DOCUMENT\C++\五子棋\DEBUG\五子棋.EXE
C:\USERS\94759\DESKTOP\DOCUMENT\C++\五子棋\DEBUG\五子棋.ILK
C:\USERS\94759\DESKTOP\DOCUMENT\C++\五子棋\DEBUG\五子棋.PDB
C:\Users\94759\Desktop\Document\C++\五子棋\五子棋\Debug\cl.command.1.tlog
C:\Users\94759\Desktop\Document\C++\五子棋\五子棋\Debug\CL.read.1.tlog
C:\Users\94759\Desktop\Document\C++\五子棋\五子棋\Debug\CL.write.1.tlog
C:\USERS\94759\DESKTOP\DOCUMENT\C++\五子棋\五子棋\DEBUG\CPU.OBJ
C:\Users\94759\Desktop\Document\C++\五子棋\五子棋\Debug\link.command.1.tlog
C:\Users\94759\Desktop\Document\C++\五子棋\五子棋\Debug\link.read.1.tlog
C:\Users\94759\Desktop\Document\C++\五子棋\五子棋\Debug\link.write.1.tlog
C:\Users\94759\Desktop\Document\C++\五子棋\五子棋\Debug\link-cvtres.read.1.tlog
C:\Users\94759\Desktop\Document\C++\五子棋\五子棋\Debug\link-cvtres.write.1.tlog
C:\USERS\94759\DESKTOP\DOCUMENT\C++\五子棋\五子棋\DEBUG\MAIN.OBJ
C:\Users\94759\Desktop\Document\C++\五子棋\五子棋\Debug\mt.command.1.tlog
C:\Users\94759\Desktop\Document\C++\五子棋\五子棋\Debug\mt.read.1.tlog
C:\Users\94759\Desktop\Document\C++\五子棋\五子棋\Debug\mt.write.1.tlog
C:\USERS\94759\DESKTOP\DOCUMENT\C++\五子棋\五子棋\DEBUG\PLAYER.OBJ
C:\Users\94759\Desktop\Document\C++\五子棋\五子棋\Debug\rc.command.1.tlog
C:\Users\94759\Desktop\Document\C++\五子棋\五子棋\Debug\rc.read.1.tlog
C:\Users\94759\Desktop\Document\C++\五子棋\五子棋\Debug\rc.write.1.tlog
C:\Users\94759\Desktop\Document\C++\五子棋\五子棋\Debug\vc100.idb
C:\USERS\94759\DESKTOP\DOCUMENT\C++\五子棋\五子棋\DEBUG\VC100.PDB
C:\USERS\94759\DESKTOP\DOCUMENT\C++\五子棋\五子棋\DEBUG\五子棋.EXE.EMBED.MANIFEST
C:\USERS\94759\DESKTOP\DOCUMENT\C++\五子棋\五子棋\DEBUG\五子棋.EXE.EMBED.MANIFEST.RES
C:\USERS\94759\DESKTOP\DOCUMENT\C++\五子棋\五子棋\DEBUG\五子棋.EXE.INTERMEDIATE.MANIFEST
C:\USERS\94759\DESKTOP\DOCUMENT\C++\五子棋\五子棋\DEBUG\五子棋.RES
C:\Users\94759\Desktop\Document\C++\五子棋\五子棋\Debug\五子棋.write.1.tlog
C:\Users\94759\Desktop\Document\C++\五子棋\五子棋\Debug\五子棋_manifest.rc
