生成启动时间为 2017/3/10 22:42:02。
     1>项目“C:\Users\94759\Desktop\Document\C++\五子棋\五子棋\五子棋.vcxproj”在节点 2 上(build 个目标)。
     1>InitializeBuildStatus:
         正在创建“Release\五子棋.unsuccessfulbuild”，因为已指定“AlwaysCreate”。
       ClCompile:
         E:\Program Files (x86)\Microsoft Visual Studio 10.0\VC\bin\CL.exe /c /Zi /nologo /W3 /WX- /O2 /Oi /Oy- /GL /D WIN32 /D NDEBUG /D _WINDOWS /D _MBCS /Gm- /EHsc /MT /GS /Gy /fp:precise /Zc:wchar_t /Zc:forScope /Fo"Release\\" /Fd"Release\vc100.pdb" /Gd /TP /analyze- /errorReport:prompt cpu.cpp main.cpp player.cpp
         cpu.cpp
     1>cpu.cpp(23): warning C4244: “参数”: 从“time_t”转换到“unsigned int”，可能丢失数据
         main.cpp
         player.cpp
       ResourceCompile:
         C:\Program Files (x86)\Microsoft SDKs\Windows\v7.0A\bin\rc.exe /l"0x0409" /nologo /fo"Release\五子棋.res" "五子棋.rc" 
       Link:
         E:\Program Files (x86)\Microsoft Visual Studio 10.0\VC\bin\link.exe /ERRORREPORT:PROMPT /OUT:"C:\Users\94759\Desktop\Document\C++\五子棋\Release\五子棋.exe" /INCREMENTAL:NO /NOLOGO kernel32.lib user32.lib gdi32.lib winspool.lib comdlg32.lib advapi32.lib shell32.lib ole32.lib oleaut32.lib uuid.lib odbc32.lib odbccp32.lib /MANIFEST /ManifestFile:"Release\五子棋.exe.intermediate.manifest" /MANIFESTUAC:"level='asInvoker' uiAccess='false'" /DEBUG /PDB:"C:\Users\94759\Desktop\Document\C++\五子棋\Release\五子棋.pdb" /SUBSYSTEM:WINDOWS /OPT:REF /OPT:ICF /LTCG /TLBID:1 /DYNAMICBASE /NXCOMPAT /IMPLIB:"C:\Users\94759\Desktop\Document\C++\五子棋\Release\五子棋.lib" /MACHINE:X86 "Release\五子棋.res"
         Release\cpu.obj
         Release\main.obj
         Release\player.obj
         正在生成代码
         已完成代码的生成
         五子棋.vcxproj -> C:\Users\94759\Desktop\Document\C++\五子棋\Release\五子棋.exe
       Manifest:
         C:\Program Files (x86)\Microsoft SDKs\Windows\v7.0A\bin\mt.exe /nologo /verbose /outputresource:"C:\Users\94759\Desktop\Document\C++\五子棋\Release\五子棋.exe;#1" /manifest "Release\五子棋.exe.intermediate.manifest"
       FinalizeBuildStatus:
         正在删除文件“Release\五子棋.unsuccessfulbuild”。
         正在对“Release\五子棋.lastbuildstate”执行 Touch 任务。
     1>已完成生成项目“C:\Users\94759\Desktop\Document\C++\五子棋\五子棋\五子棋.vcxproj”(build 个目标)的操作。

生成成功。

已用时间 00:00:04.29
